<?xml version="1.0" encoding="UTF-8"?>
<!-- Generated by org.testng.reporters.JUnitReportReporter -->
<testsuite hostname="DESKTOP-JHT3RUJ" failures="0" tests="1" name="com.application.Team11NewBatch.Amazon_WebApplication_Project.GroupMethodsSub" time="0.002" errors="0" timestamp="2022-12-23T16:30:36 IST" skipped="0">
  <testcase classname="com.application.Team11NewBatch.Amazon_WebApplication_Project.GroupMethodsSub" name="verifyItemDetails" time="0.002"/>
  <system-out/>
</testsuite> <!-- com.application.Team11NewBatch.Amazon_WebApplication_Project.GroupMethodsSub -->
