<?xml version="1.0" encoding="UTF-8"?>
<!-- Generated by org.testng.reporters.JUnitReportReporter -->
<testsuite hostname="DESKTOP-JHT3RUJ" failures="0" tests="2" name="com.application.Team11NewBatch.Amazon_WebApplication_Project.AnnotationsClass" time="0.007" errors="0" timestamp="2022-12-23T16:39:04 IST" skipped="0">
  <testcase classname="com.application.Team11NewBatch.Amazon_WebApplication_Project.AnnotationsClass" name="ValidatePin" time="0.005"/>
  <system-out>
    <![CDATA[Pin Validation done-->@Test used]]>
  </system-out>
  <testcase classname="com.application.Team11NewBatch.Amazon_WebApplication_Project.AnnotationsClass" name="ValidateUserId" time="0.002"/>
  <system-out>
    <![CDATA[UserId Validation done--> @Test used]]>
  </system-out>
</testsuite> <!-- com.application.Team11NewBatch.Amazon_WebApplication_Project.AnnotationsClass -->
