<?xml version="1.0" encoding="UTF-8"?>
<!-- Generated by org.testng.reporters.JUnitReportReporter -->
<testsuite hostname="DESKTOP-JHT3RUJ" failures="0" tests="14" name="com.application.Team11NewBatch.Amazon_WebApplication_Project.TypesOfTestNGKeywords" time="0.064" errors="0" timestamp="2022-12-23T16:39:04 IST" skipped="1">
  <testcase classname="com.application.Team11NewBatch.Amazon_WebApplication_Project.TypesOfTestNGKeywords" name="TC" time="0.005"/>
  <system-out>
    <![CDATA[TC1 Running]]>
  </system-out>
  <testcase classname="com.application.Team11NewBatch.Amazon_WebApplication_Project.TypesOfTestNGKeywords" name="TC" time="0.005"/>
  <system-out>
    <![CDATA[TC1 Running]]>
  </system-out>
  <testcase classname="com.application.Team11NewBatch.Amazon_WebApplication_Project.TypesOfTestNGKeywords" name="B" time="0.006"/>
  <system-out>
    <![CDATA[B is running]]>
  </system-out>
  <testcase classname="com.application.Team11NewBatch.Amazon_WebApplication_Project.TypesOfTestNGKeywords" name="TC1" time="0.004"/>
  <system-out>
    <![CDATA[Running TC1]]>
  </system-out>
  <testcase classname="com.application.Team11NewBatch.Amazon_WebApplication_Project.TypesOfTestNGKeywords" name="TC" time="0.002"/>
  <system-out>
    <![CDATA[TC1 Running]]>
  </system-out>
  <testcase classname="com.application.Team11NewBatch.Amazon_WebApplication_Project.TypesOfTestNGKeywords" name="C" time="0.006"/>
  <system-out>
    <![CDATA[C is running]]>
  </system-out>
  <testcase classname="com.application.Team11NewBatch.Amazon_WebApplication_Project.TypesOfTestNGKeywords" name="A" time="0.009"/>
  <system-out>
    <![CDATA[A is running]]>
  </system-out>
  <testcase classname="com.application.Team11NewBatch.Amazon_WebApplication_Project.TypesOfTestNGKeywords" name="TC3" time="0.003"/>
  <system-out>
    <![CDATA[Running TC3]]>
  </system-out>
  <testcase classname="com.application.Team11NewBatch.Amazon_WebApplication_Project.TypesOfTestNGKeywords" name="TC" time="0.005"/>
  <system-out>
    <![CDATA[TC1 Running]]>
  </system-out>
  <testcase classname="com.application.Team11NewBatch.Amazon_WebApplication_Project.TypesOfTestNGKeywords" name="TC" time="0.002"/>
  <system-out>
    <![CDATA[TC1 Running]]>
  </system-out>
  <testcase classname="com.application.Team11NewBatch.Amazon_WebApplication_Project.TypesOfTestNGKeywords" name="C1" time="0.002"/>
  <system-out>
    <![CDATA[C1 is running]]>
  </system-out>
  <testcase classname="com.application.Team11NewBatch.Amazon_WebApplication_Project.TypesOfTestNGKeywords" name="B1" time="0.012"/>
  <system-out>
    <![CDATA[B1 is running]]>
  </system-out>
  <testcase classname="com.application.Team11NewBatch.Amazon_WebApplication_Project.TypesOfTestNGKeywords" name="A1" time="0.003"/>
  <system-out>
    <![CDATA[A1 is running]]>
  </system-out>
  <testcase classname="com.application.Team11NewBatch.Amazon_WebApplication_Project.TypesOfTestNGKeywords" name="TC2">
    <skipped/>
  </testcase> <!-- TC2 -->
  <system-out/>
</testsuite> <!-- com.application.Team11NewBatch.Amazon_WebApplication_Project.TypesOfTestNGKeywords -->
